<?xml version="1.0" encoding="UTF-8"?>
<testsuite name="com.shyammalani.cucumber.integration.IntegrationTests" time="9.789" tests="15" errors="0" skipped="11" failures="0">
  <properties>
[...]
</properties>
  <testcase name="When I create a user" classname="Scenario: Create user" time="0">
    <skipped/>
    <system-out><![CDATA[Feature: CRUD on users
23:55:04.086 [main] DEBUG o.s.test.context.BootstrapUtils - Instantiating TestContextBootstrapper from class [org.springframework.boot.test.WebAppIntegrationTestContextBootstrapper]
23:55:04.125 [main] DEBUG o.s.b.t.WebAppIntegrationTestContextBootstrapper - Found explicit ContextLoader class [org.springframework.boot.test.SpringApplicationContextLoader] for context configuration attributes [ContextConfigurationAttributes@6bd61f98 declaringClass = 'com.shyammalani.cucumber.integration.CommonSteps', classes = '{class com.shyammalani.cucumber.Application}', locations = '{}', inheritLocations = true, initializers = '{}', inheritInitializers = true, name = [null], contextLoaderClass = 'org.springframework.boot.test.SpringApplicationContextLoader']
23:55:04.133 [main] DEBUG o.s.t.c.support.ActiveProfilesUtils - Could not find an 'annotation declaring class' for annotation type [org.springframework.test.context.ActiveProfiles] and class [com.shyammalani.cucumber.integration.CommonSteps]
23:55:04.153 [main] DEBUG o.s.test.util.ReflectionTestUtils - Setting field [propertySourceProperties] of type [null] on target [[WebMergedContextConfiguration@52719fb6 testClass = CommonSteps, locations = '{}', classes = '{class com.shyammalani.cucumber.Application}', contextInitializerClasses = '[]', activeProfiles = '{}', propertySourceLocations = '{}', propertySourceProperties = '{}', resourceBasePath = '', contextLoader = 'org.springframework.boot.test.SpringApplicationContextLoader', parent = [null]]] to value [[Ljava.lang.String;@3012646b]
23:55:04.155 [main] DEBUG o.s.b.t.WebAppIntegrationTestContextBootstrapper - @TestExecutionListeners is not present for class [com.shyammalani.cucumber.integration.CommonSteps]: using defaults.
23:55:04.168 [main] INFO  o.s.b.t.WebAppIntegrationTestContextBootstrapper - Loaded default TestExecutionListener class names from location [META-INF/spring.factories]: [org.springframework.test.context.web.ServletTestExecutionListener, org.springframework.test.context.support.DependencyInjectionTestExecutionListener, org.springframework.test.context.support.DirtiesContextTestExecutionListener, org.springframework.test.context.transaction.TransactionalTestExecutionListener, org.springframework.test.context.jdbc.SqlScriptsTestExecutionListener]
23:55:04.195 [main] INFO  o.s.b.t.WebAppIntegrationTestContextBootstrapper - Using TestExecutionListeners: [org.springframework.test.context.web.ServletTestExecutionListener@712625fd, org.springframework.test.context.support.DependencyInjectionTestExecutionListener@7bba5817, org.springframework.test.context.support.DirtiesContextTestExecutionListener@742ff096, org.springframework.test.context.transaction.TransactionalTestExecutionListener@75437611, org.springframework.test.context.jdbc.SqlScriptsTestExecutionListener@350aac89]
23:55:04.313 [main] DEBUG o.s.core.env.StandardEnvironment - Adding [systemProperties] PropertySource with lowest search precedence
23:55:04.315 [main] DEBUG o.s.core.env.StandardEnvironment - Adding [systemEnvironment] PropertySource with lowest search precedence
23:55:04.315 [main] DEBUG o.s.core.env.StandardEnvironment - Initialized StandardEnvironment with PropertySources [systemProperties,systemEnvironment]
23:55:04.316 [main] DEBUG o.s.core.env.StandardEnvironment - Adding [integrationTest] PropertySource with search precedence immediately lower than [systemEnvironment]

  .   ____          _            __ _ _
 /\\ / ___'_ __ _ _(_)_ __  __ _ \ \ \ \
( ( )\___ | '_ | '_| | '_ \/ _` | \ \ \ \
 \\/  ___)| |_)| | | | | || (_| |  ) ) ) )
  '  |____| .__|_| |_|_| |_\__, | / / / /
 =========|_|==============|___/=/_/_/_/
 :: Spring Boot ::        (v1.2.6.RELEASE)

2016-12-24 23:55:04.828  INFO 6032 --- [           main] c.s.cucumber.integration.CommonSteps     : Starting CommonSteps on SHYAM-HP with PID 6032 (C:\Z-Drive\study\git\spring-boot\cucumber\target\test-classes started by SHYAM in C:\Z-Drive\study\git\spring-boot\cucumber)
2016-12-24 23:55:04.887  INFO 6032 --- [           main] ationConfigEmbeddedWebApplicationContext : Refreshing org.springframework.boot.context.embedded.AnnotationConfigEmbeddedWebApplicationContext@7ae42ce3: startup date [Sat Dec 24 23:55:04 IST 2016]; root of context hierarchy
2016-12-24 23:55:05.844  INFO 6032 --- [           main] o.s.b.f.s.DefaultListableBeanFactory     : Overriding bean definition for bean 'beanNameViewResolver': replacing [Root bean: class [null]; scope=; abstract=false; lazyInit=false; autowireMode=3; dependencyCheck=0; autowireCandidate=true; primary=false; factoryBeanName=org.springframework.boot.autoconfigure.web.ErrorMvcAutoConfiguration$WhitelabelErrorViewConfiguration; factoryMethodName=beanNameViewResolver; initMethodName=null; destroyMethodName=(inferred); defined in class path resource [org/springframework/boot/autoconfigure/web/ErrorMvcAutoConfiguration$WhitelabelErrorViewConfiguration.class]] with [Root bean: class [null]; scope=; abstract=false; lazyInit=false; autowireMode=3; dependencyCheck=0; autowireCandidate=true; primary=false; factoryBeanName=org.springframework.boot.autoconfigure.web.WebMvcAutoConfiguration$WebMvcAutoConfigurationAdapter; factoryMethodName=beanNameViewResolver; initMethodName=null; destroyMethodName=(inferred); defined in class path resource [org/springframework/boot/autoconfigure/web/WebMvcAutoConfiguration$WebMvcAutoConfigurationAdapter.class]]
2016-12-24 23:55:08.299  INFO 6032 --- [           main] s.b.c.e.t.TomcatEmbeddedServletContainer : Tomcat initialized with port(s): 5555 (http)
2016-12-24 23:55:09.075  INFO 6032 --- [           main] o.apache.catalina.core.StandardService   : Starting service Tomcat
2016-12-24 23:55:09.091  INFO 6032 --- [           main] org.apache.catalina.core.StandardEngine  : Starting Servlet Engine: Apache Tomcat/8.0.26
2016-12-24 23:55:09.695  INFO 6032 --- [ost-startStop-1] o.a.c.c.C.[Tomcat].[localhost].[/]       : Initializing Spring embedded WebApplicationContext
2016-12-24 23:55:09.695  INFO 6032 --- [ost-startStop-1] o.s.web.context.ContextLoader            : Root WebApplicationContext: initialization completed in 4813 ms
2016-12-24 23:55:11.939  INFO 6032 --- [ost-startStop-1] o.s.b.c.e.ServletRegistrationBean        : Mapping servlet: 'dispatcherServlet' to [/]
2016-12-24 23:55:11.949  INFO 6032 --- [ost-startStop-1] o.s.b.c.embedded.FilterRegistrationBean  : Mapping filter: 'characterEncodingFilter' to: [/*]
2016-12-24 23:55:11.950  INFO 6032 --- [ost-startStop-1] o.s.b.c.embedded.FilterRegistrationBean  : Mapping filter: 'hiddenHttpMethodFilter' to: [/*]
2016-12-24 23:55:13.194  INFO 6032 --- [           main] s.w.s.m.m.a.RequestMappingHandlerAdapter : Looking for @ControllerAdvice: org.springframework.boot.context.embedded.AnnotationConfigEmbeddedWebApplicationContext@7ae42ce3: startup date [Sat Dec 24 23:55:04 IST 2016]; root of context hierarchy
2016-12-24 23:55:13.361  INFO 6032 --- [           main] s.w.s.m.m.a.RequestMappingHandlerMapping : Mapped "{[/users/{email:.+}],methods=[GET]}" onto public org.springframework.http.ResponseEntity<com.shyammalani.cucumber.model.User> com.shyammalani.cucumber.resource.UserController.getUser(java.lang.String)
2016-12-24 23:55:13.362  INFO 6032 --- [           main] s.w.s.m.m.a.RequestMappingHandlerMapping : Mapped "{[/users],methods=[POST],consumes=[application/json]}" onto public org.springframework.http.ResponseEntity<com.shyammalani.cucumber.model.User> com.shyammalani.cucumber.resource.UserController.createUser(com.shyammalani.cucumber.model.User)
2016-12-24 23:55:13.362  INFO 6032 --- [           main] s.w.s.m.m.a.RequestMappingHandlerMapping : Mapped "{[/users/{email:.+}],methods=[DELETE]}" onto public org.springframework.http.ResponseEntity<com.shyammalani.cucumber.model.User> com.shyammalani.cucumber.resource.UserController.deleteUser(java.lang.String)
2016-12-24 23:55:13.362  INFO 6032 --- [           main] s.w.s.m.m.a.RequestMappingHandlerMapping : Mapped "{[/users/{email:.+}],methods=[PUT]}" onto public org.springframework.http.ResponseEntity<com.shyammalani.cucumber.model.User> com.shyammalani.cucumber.resource.UserController.updateUser(java.lang.String,com.shyammalani.cucumber.model.User)
2016-12-24 23:55:13.364  INFO 6032 --- [           main] s.w.s.m.m.a.RequestMappingHandlerMapping : Mapped "{[/error]}" onto public org.springframework.http.ResponseEntity<java.util.Map<java.lang.String, java.lang.Object>> org.springframework.boot.autoconfigure.web.BasicErrorController.error(javax.servlet.http.HttpServletRequest)
2016-12-24 23:55:13.365  INFO 6032 --- [           main] s.w.s.m.m.a.RequestMappingHandlerMapping : Mapped "{[/error],produces=[text/html]}" onto public org.springframework.web.servlet.ModelAndView org.springframework.boot.autoconfigure.web.BasicErrorController.errorHtml(javax.servlet.http.HttpServletRequest)
2016-12-24 23:55:13.397  INFO 6032 --- [           main] o.s.w.s.handler.SimpleUrlHandlerMapping  : Mapped URL path [/webjars/**] onto handler of type [class org.springframework.web.servlet.resource.ResourceHttpRequestHandler]
2016-12-24 23:55:13.397  INFO 6032 --- [           main] o.s.w.s.handler.SimpleUrlHandlerMapping  : Mapped URL path [/**] onto handler of type [class org.springframework.web.servlet.resource.ResourceHttpRequestHandler]
2016-12-24 23:55:13.521  INFO 6032 --- [           main] o.s.w.s.handler.SimpleUrlHandlerMapping  : Mapped URL path [/**/favicon.ico] onto handler of type [class org.springframework.web.servlet.resource.ResourceHttpRequestHandler]
2016-12-24 23:55:13.728  INFO 6032 --- [           main] s.b.c.e.t.TomcatEmbeddedServletContainer : Tomcat started on port(s): 5555 (http)
2016-12-24 23:55:13.732  INFO 6032 --- [           main] c.s.cucumber.integration.CommonSteps     : Started CommonSteps in 9.407 seconds (JVM running for 11.734)
]]></system-out>
  </testcase>
  <testcase name="Then I get a &apos;CREATED&apos; response" classname="Scenario: Create user" time="0">
    <skipped/>
  </testcase>
  <testcase name="Scenario: Create user" classname="Scenario: Create user" time="9.724"/>
  <testcase name="Given there exists a user" classname="Scenario: Delete user" time="0">
    <skipped/>
    <system-out><![CDATA[2016-12-24 23:55:13.752  INFO 6032 --- [           main] WebAppIntegrationTestContextBootstrapper : Loaded default TestExecutionListener class names from location [META-INF/spring.factories]: [org.springframework.test.context.web.ServletTestExecutionListener, org.springframework.test.context.support.DependencyInjectionTestExecutionListener, org.springframework.test.context.support.DirtiesContextTestExecutionListener, org.springframework.test.context.transaction.TransactionalTestExecutionListener, org.springframework.test.context.jdbc.SqlScriptsTestExecutionListener]
2016-12-24 23:55:13.753  INFO 6032 --- [           main] WebAppIntegrationTestContextBootstrapper : Using TestExecutionListeners: [org.springframework.test.context.web.ServletTestExecutionListener@5fb65013, org.springframework.test.context.support.DependencyInjectionTestExecutionListener@38a1a26, org.springframework.test.context.support.DirtiesContextTestExecutionListener@3fbcfe81, org.springframework.test.context.transaction.TransactionalTestExecutionListener@7a1f45ed, org.springframework.test.context.jdbc.SqlScriptsTestExecutionListener@1744a475]
2016-12-24 23:55:13.754  INFO 6032 --- [           main] o.s.b.f.s.DefaultListableBeanFactory     : Replacing scope 'cucumber-glue' from [cucumber.runtime.java.spring.GlueCodeScope@444cc791] to [cucumber.runtime.java.spring.GlueCodeScope@1c5c616f]

  Scenario: Create user             &amp#27;[90m# user_crud.feature:3&amp#27;[0m
    &amp#27;[36mWhen &amp#27;[0m&amp#27;[36mI create a user&amp#27;[0m            &amp#27;[90m# UserSteps.I_create_a_user()&amp#27;[0m
    &amp#27;[36mThen &amp#27;[0m&amp#27;[36mI get a '&amp#27;[0m&amp#27;[36m&amp#27;[1mCREATED&amp#27;[0m&amp#27;[36m' response&amp#27;[0m &amp#27;[90m# CommonSteps.I_get_a__response(String)&amp#27;[0m
]]></system-out>
  </testcase>
  <testcase name="When I delete the user" classname="Scenario: Delete user" time="0">
    <skipped/>
  </testcase>
  <testcase name="Then I get a &apos;OK&apos; response" classname="Scenario: Delete user" time="0">
    <skipped/>
  </testcase>
  <testcase name="Scenario: Delete user" classname="Scenario: Delete user" time="0.01"/>
  <testcase name="Given there exists a user" classname="Scenario: Update user" time="0">
    <skipped/>
    <system-out><![CDATA[2016-12-24 23:55:13.766  INFO 6032 --- [           main] WebAppIntegrationTestContextBootstrapper : Loaded default TestExecutionListener class names from location [META-INF/spring.factories]: [org.springframework.test.context.web.ServletTestExecutionListener, org.springframework.test.context.support.DependencyInjectionTestExecutionListener, org.springframework.test.context.support.DirtiesContextTestExecutionListener, org.springframework.test.context.transaction.TransactionalTestExecutionListener, org.springframework.test.context.jdbc.SqlScriptsTestExecutionListener]
2016-12-24 23:55:13.766  INFO 6032 --- [           main] WebAppIntegrationTestContextBootstrapper : Using TestExecutionListeners: [org.springframework.test.context.web.ServletTestExecutionListener@6c806c8b, org.springframework.test.context.support.DependencyInjectionTestExecutionListener@6dfcffb5, org.springframework.test.context.support.DirtiesContextTestExecutionListener@184fb68d, org.springframework.test.context.transaction.TransactionalTestExecutionListener@71d8cfe7, org.springframework.test.context.jdbc.SqlScriptsTestExecutionListener@1e530163]
2016-12-24 23:55:13.767  INFO 6032 --- [           main] o.s.b.f.s.DefaultListableBeanFactory     : Replacing scope 'cucumber-glue' from [cucumber.runtime.java.spring.GlueCodeScope@1c5c616f] to [cucumber.runtime.java.spring.GlueCodeScope@14d8444b]

  Scenario: Delete user        &amp#27;[90m# user_crud.feature:7&amp#27;[0m
    &amp#27;[36mGiven &amp#27;[0m&amp#27;[36mthere exists a user&amp#27;[0m  &amp#27;[90m# UserSteps.there_exists_a_user()&amp#27;[0m
    &amp#27;[36mWhen &amp#27;[0m&amp#27;[36mI delete the user&amp#27;[0m     &amp#27;[90m# UserSteps.I_delete_the_user()&amp#27;[0m
    &amp#27;[36mThen &amp#27;[0m&amp#27;[36mI get a '&amp#27;[0m&amp#27;[36m&amp#27;[1mOK&amp#27;[0m&amp#27;[36m' response&amp#27;[0m &amp#27;[90m# CommonSteps.I_get_a__response(String)&amp#27;[0m
]]></system-out>
  </testcase>
  <testcase name="When I update the users&apos;s address" classname="Scenario: Update user" time="0">
    <skipped/>
  </testcase>
  <testcase name="Then I get a &apos;OK&apos; response" classname="Scenario: Update user" time="0">
    <skipped/>
  </testcase>
  <testcase name="Scenario: Update user" classname="Scenario: Update user" time="0.015"/>
  <testcase name="Given there exists a user" classname="Scenario: Update non existing user" time="0">
    <skipped/>
    <system-out><![CDATA[2016-12-24 23:55:13.784  INFO 6032 --- [           main] WebAppIntegrationTestContextBootstrapper : Loaded default TestExecutionListener class names from location [META-INF/spring.factories]: [org.springframework.test.context.web.ServletTestExecutionListener, org.springframework.test.context.support.DependencyInjectionTestExecutionListener, org.springframework.test.context.support.DirtiesContextTestExecutionListener, org.springframework.test.context.transaction.TransactionalTestExecutionListener, org.springframework.test.context.jdbc.SqlScriptsTestExecutionListener]
2016-12-24 23:55:13.785  INFO 6032 --- [           main] WebAppIntegrationTestContextBootstrapper : Using TestExecutionListeners: [org.springframework.test.context.web.ServletTestExecutionListener@31ff6309, org.springframework.test.context.support.DependencyInjectionTestExecutionListener@204e90f7, org.springframework.test.context.support.DirtiesContextTestExecutionListener@20a05b32, org.springframework.test.context.transaction.TransactionalTestExecutionListener@165e389b, org.springframework.test.context.jdbc.SqlScriptsTestExecutionListener@5c73f672]
2016-12-24 23:55:13.785  INFO 6032 --- [           main] o.s.b.f.s.DefaultListableBeanFactory     : Replacing scope 'cucumber-glue' from [cucumber.runtime.java.spring.GlueCodeScope@14d8444b] to [cucumber.runtime.java.spring.GlueCodeScope@8ee0c23]

  Scenario: Update user               &amp#27;[90m# user_crud.feature:12&amp#27;[0m
    &amp#27;[36mGiven &amp#27;[0m&amp#27;[36mthere exists a user&amp#27;[0m         &amp#27;[90m# UserSteps.there_exists_a_user()&amp#27;[0m
    &amp#27;[36mWhen &amp#27;[0m&amp#27;[36mI update the users's address&amp#27;[0m &amp#27;[90m# UserSteps.I_update_the_users_s_address()&amp#27;[0m
    &amp#27;[36mThen &amp#27;[0m&amp#27;[36mI get a '&amp#27;[0m&amp#27;[36m&amp#27;[1mOK&amp#27;[0m&amp#27;[36m' response&amp#27;[0m        &amp#27;[90m# CommonSteps.I_get_a__response(String)&amp#27;[0m
]]></system-out>
  </testcase>
  <testcase name="When I update the address of a non-existent user" classname="Scenario: Update non existing user" time="0">
    <skipped/>
  </testcase>
  <testcase name="Then I get a &apos;NOT_FOUND&apos; response" classname="Scenario: Update non existing user" time="0">
    <skipped/>
  </testcase>
  <testcase name="Scenario: Update non existing user" classname="Scenario: Update non existing user" time="0.04"/>
</testsuite>